<?xml version="1.0" encoding="UTF-8"?>
<!-- Generated by org.testng.reporters.JUnitReportReporter -->
<testsuite hostname="Suchi" failures="0" tests="1" name="com.guru99.bankingproject.team_a_TestCase.LoginbyReadProp" time="2.078" errors="0" timestamp="2022-01-14T01:00:12 IST" skipped="0">
  <testcase classname="com.guru99.bankingproject.team_a_TestCase.LoginbyReadProp" name="logintoguru99TC" time="2.078"/>
  <system-out/>
</testsuite> <!-- com.guru99.bankingproject.team_a_TestCase.LoginbyReadProp -->
