<?xml version="1.0" encoding="UTF-8"?>
<!-- Generated by org.testng.reporters.JUnitReportReporter -->
<testsuite hostname="Suchi" failures="0" tests="1" name="com.guru99.bankingproject.team_a_TestCase.LoginTC" time="2.598" errors="0" timestamp="2022-01-14T00:50:57 IST" skipped="0">
  <testcase classname="com.guru99.bankingproject.team_a_TestCase.LoginTC" name="logintoguru99TC" time="2.598"/>
  <system-out/>
</testsuite> <!-- com.guru99.bankingproject.team_a_TestCase.LoginTC -->
