<?xml version="1.0" encoding="UTF-8"?>
<!-- Generated by org.testng.reporters.JUnitReportReporter -->
<testsuite hostname="Suchi" failures="0" tests="1" name="com.guru99.bankingproject.team_a_TestCase.LogoutTC" time="4.077" errors="0" timestamp="2022-01-14T01:07:15 IST" skipped="0">
  <testcase classname="com.guru99.bankingproject.team_a_TestCase.LogoutTC" name="logouttoguru99" time="4.077"/>
  <system-out/>
</testsuite> <!-- com.guru99.bankingproject.team_a_TestCase.LogoutTC -->
